[    0.000000] Linux version 4.15.0-74-generic (buildd@lcy01-amd64-022) (gcc version 7.4.0 (Ubuntu 7.4.0-1ubuntu1~18.04.1)) #84-Ubuntu SMP Thu Dec 19 08:06:28 UTC 2019 (Ubuntu 4.15.0-74.84-generic 4.15.18)
[    0.000000] Command line: BOOT_IMAGE=/boot/vmlinuz-4.15.0-74-generic root=LABEL=cloudimg-rootfs ro console=tty1 console=ttyS0
[    0.000000] KERNEL supported cpus:
[    0.000000]   Intel GenuineIntel
[    0.000000]   AMD AuthenticAMD
[    0.000000]   Centaur CentaurHauls
[    0.000000] x86/fpu: Supporting XSAVE feature 0x001: 'x87 floating point registers'
[    0.000000] x86/fpu: Supporting XSAVE feature 0x002: 'SSE registers'
[    0.000000] x86/fpu: Supporting XSAVE feature 0x004: 'AVX registers'
[    0.000000] x86/fpu: xstate_offset[2]:  576, xstate_sizes[2]:  256
[    0.000000] x86/fpu: Enabled xstate features 0x7, context size is 832 bytes, using 'standard' format.
[    0.000000] e820: BIOS-provided physical RAM map:
[    0.000000] BIOS-e820: [mem 0x0000000000000000-0x000000000009fbff] usable
[    0.000000] BIOS-e820: [mem 0x000000000009fc00-0x000000000009ffff] reserved
[    0.000000] BIOS-e820: [mem 0x00000000000f0000-0x00000000000fffff] reserved
[    0.000000] BIOS-e820: [mem 0x0000000000100000-0x000000003ffeffff] usable
[    0.000000] BIOS-e820: [mem 0x000000003fff0000-0x000000003fffffff] ACPI data
[    0.000000] BIOS-e820: [mem 0x00000000fec00000-0x00000000fec00fff] reserved
[    0.000000] BIOS-e820: [mem 0x00000000fee00000-0x00000000fee00fff] reserved
[    0.000000] BIOS-e820: [mem 0x00000000fffc0000-0x00000000ffffffff] reserved
[    0.000000] NX (Execute Disable) protection: active
[    0.000000] SMBIOS 2.5 present.
[    0.000000] DMI: innotek GmbH VirtualBox/VirtualBox, BIOS VirtualBox 12/01/2006
[    0.000000] Hypervisor detected: KVM
[    0.000000] e820: last_pfn = 0x3fff0 max_arch_pfn = 0x400000000
[    0.000000] MTRR: Disabled
[    0.000000] x86/PAT: MTRRs disabled, skipping PAT initialization too.
[    0.000000] CPU MTRRs all blank - virtualized system.
[    0.000000] x86/PAT: Configuration [0-7]: WB  WT  UC- UC  WB  WT  UC- UC  
[    0.000000] found SMP MP-table at [mem 0x0009fff0-0x0009ffff]
[    0.000000] Scanning 1 areas for low memory corruption
[    0.000000] RAMDISK: [mem 0x35a6b000-0x36d2cfff]
[    0.000000] ACPI: Early table checksum verification disabled
[    0.000000] ACPI: RSDP 0x00000000000E0000 000024 (v02 VBOX  )
[    0.000000] ACPI: XSDT 0x000000003FFF0030 00003C (v01 VBOX   VBOXXSDT 00000001 ASL  00000061)
[    0.000000] ACPI: FACP 0x000000003FFF00F0 0000F4 (v04 VBOX   VBOXFACP 00000001 ASL  00000061)
[    0.000000] ACPI: DSDT 0x000000003FFF0470 0022EA (v02 VBOX   VBOXBIOS 00000002 INTL 20160831)
[    0.000000] ACPI: FACS 0x000000003FFF0200 000040
[    0.000000] ACPI: FACS 0x000000003FFF0200 000040
[    0.000000] ACPI: APIC 0x000000003FFF0240 00005C (v02 VBOX   VBOXAPIC 00000001 ASL  00000061)
[    0.000000] ACPI: SSDT 0x000000003FFF02A0 0001CC (v01 VBOX   VBOXCPUT 00000002 INTL 20160831)
[    0.000000] No NUMA configuration found
[    0.000000] Faking a node at [mem 0x0000000000000000-0x000000003ffeffff]
[    0.000000] NODE_DATA(0) allocated [mem 0x3ffc5000-0x3ffeffff]
[    0.000000] kvm-clock: cpu 0, msr 0:3ff44001, primary cpu clock
[    0.000000] kvm-clock: Using msrs 4b564d01 and 4b564d00
[    0.000000] kvm-clock: using sched offset of 3033825928 cycles
[    0.000000] clocksource: kvm-clock: mask: 0xffffffffffffffff max_cycles: 0x1cd42e4dffb, max_idle_ns: 881590591483 ns
[    0.000000] Zone ranges:
[    0.000000]   DMA      [mem 0x0000000000001000-0x0000000000ffffff]
[    0.000000]   DMA32    [mem 0x0000000001000000-0x000000003ffeffff]
[    0.000000]   Normal   empty
[    0.000000]   Device   empty
[    0.000000] Movable zone start for each node
[    0.000000] Early memory node ranges
[    0.000000]   node   0: [mem 0x0000000000001000-0x000000000009efff]
[    0.000000]   node   0: [mem 0x0000000000100000-0x000000003ffeffff]
[    0.000000] Reserved but unavailable: 98 pages
[    0.000000] Initmem setup node 0 [mem 0x0000000000001000-0x000000003ffeffff]
[    0.000000] ACPI: PM-Timer IO Port: 0x4008
[    0.000000] IOAPIC[0]: apic_id 2, version 32, address 0xfec00000, GSI 0-23
[    0.000000] ACPI: INT_SRC_OVR (bus 0 bus_irq 0 global_irq 2 dfl dfl)
[    0.000000] ACPI: INT_SRC_OVR (bus 0 bus_irq 9 global_irq 9 low level)
[    0.000000] Using ACPI (MADT) for SMP configuration information
[    0.000000] smpboot: Allowing 2 CPUs, 0 hotplug CPUs
[    0.000000] PM: Registered nosave memory: [mem 0x00000000-0x00000fff]
[    0.000000] PM: Registered nosave memory: [mem 0x0009f000-0x0009ffff]
[    0.000000] PM: Registered nosave memory: [mem 0x000a0000-0x000effff]
[    0.000000] PM: Registered nosave memory: [mem 0x000f0000-0x000fffff]
[    0.000000] e820: [mem 0x40000000-0xfebfffff] available for PCI devices
[    0.000000] Booting paravirtualized kernel on KVM
[    0.000000] clocksource: refined-jiffies: mask: 0xffffffff max_cycles: 0xffffffff, max_idle_ns: 7645519600211568 ns
[    0.000000] random: get_random_bytes called from start_kernel+0x99/0x4fd with crng_init=0
[    0.000000] setup_percpu: NR_CPUS:8192 nr_cpumask_bits:2 nr_cpu_ids:2 nr_node_ids:1
[    0.000000] percpu: Embedded 45 pages/cpu s147456 r8192 d28672 u1048576
[    0.000000] PV qspinlock hash table entries: 256 (order: 0, 4096 bytes)
[    0.000000] Built 1 zonelists, mobility grouping on.  Total pages: 257913
[    0.000000] Policy zone: DMA32
[    0.000000] Kernel command line: BOOT_IMAGE=/boot/vmlinuz-4.15.0-74-generic root=LABEL=cloudimg-rootfs ro console=tty1 console=ttyS0
[    0.000000] Memory: 983072K/1048120K available (12300K kernel code, 2481K rwdata, 4260K rodata, 2428K init, 2704K bss, 65048K reserved, 0K cma-reserved)
[    0.000000] SLUB: HWalign=64, Order=0-3, MinObjects=0, CPUs=2, Nodes=1
[    0.000000] Kernel/User page tables isolation: enabled
[    0.000000] ftrace: allocating 39322 entries in 154 pages
[    0.004000] Hierarchical RCU implementation.
[    0.004000] 	RCU restricting CPUs from NR_CPUS=8192 to nr_cpu_ids=2.
[    0.004000] 	Tasks RCU enabled.
[    0.004000] RCU: Adjusting geometry for rcu_fanout_leaf=16, nr_cpu_ids=2
[    0.004000] NR_IRQS: 524544, nr_irqs: 440, preallocated irqs: 16
[    0.004000] Console: colour VGA+ 80x25
[    0.004000] console [tty1] enabled
[    0.004000] console [ttyS0] enabled
[    0.004000] ACPI: Core revision 20170831
[    0.004000] ACPI: 2 ACPI AML tables successfully acquired and loaded
[    0.004000] APIC: Switch to symmetric I/O mode setup
[    0.004000] x2apic enabled
[    0.004000] Switched APIC routing to physical x2apic.
[    0.004000] ..TIMER: vector=0x30 apic1=0 pin1=2 apic2=-1 pin2=-1
[    0.004000] tsc: Detected 1991.742 MHz processor
[    0.004000] Calibrating delay loop (skipped) preset value.. 3983.48 BogoMIPS (lpj=7966968)
[    0.004004] pid_max: default: 32768 minimum: 301
[    0.004561] Security Framework initialized
[    0.005040] Yama: becoming mindful.
[    0.005476] AppArmor: AppArmor initialized
[    0.006480] Dentry cache hash table entries: 131072 (order: 8, 1048576 bytes)
[    0.008000] Inode-cache hash table entries: 65536 (order: 7, 524288 bytes)
[    0.008000] Mount-cache hash table entries: 2048 (order: 2, 16384 bytes)
[    0.012004] Mountpoint-cache hash table entries: 2048 (order: 2, 16384 bytes)
[    0.013006] Last level iTLB entries: 4KB 64, 2MB 8, 4MB 8
[    0.013776] Last level dTLB entries: 4KB 64, 2MB 0, 4MB 0, 1GB 4
[    0.014444] Spectre V1 : Mitigation: usercopy/swapgs barriers and __user pointer sanitization
[    0.015371] Spectre V2 : Mitigation: Full generic retpoline
[    0.015995] Spectre V2 : Spectre v2 / SpectreRSB mitigation: Filling RSB on context switch
[    0.016003] Speculative Store Bypass: Vulnerable
[    0.016568] MDS: Vulnerable: Clear CPU buffers attempted, no microcode
[    0.017412] Freeing SMP alternatives memory: 36K
[    0.128067] smpboot: CPU0: Intel(R) Core(TM) i7-8550U CPU @ 1.80GHz (family: 0x6, model: 0x8e, stepping: 0xa)
[    0.129612] Performance Events: unsupported p6 CPU model 142 no PMU driver, software events only.
[    0.130792] Hierarchical SRCU implementation.
[    0.131879] NMI watchdog: Perf event create on CPU 0 failed with -2
[    0.132003] NMI watchdog: Perf NMI watchdog permanently disabled
[    0.132822] smp: Bringing up secondary CPUs ...
[    0.133494] x86: Booting SMP configuration:
[    0.134075] .... node  #0, CPUs:      #1
[    0.004000] kvm-clock: cpu 1, msr 0:3ff44041, secondary cpu clock
[    0.140024] smp: Brought up 1 node, 2 CPUs
[    0.140565] smpboot: Max logical packages: 1
[    0.141137] smpboot: Total of 2 processors activated (7966.96 BogoMIPS)
[    0.142082] devtmpfs: initialized
[    0.142082] x86/mm: Memory block size: 128MB
[    0.142082] evm: security.selinux
[    0.144004] evm: security.SMACK64
[    0.144473] evm: security.SMACK64EXEC
[    0.145123] evm: security.SMACK64TRANSMUTE
[    0.145678] evm: security.SMACK64MMAP
[    0.146178] evm: security.apparmor
[    0.146656] evm: security.ima
[    0.147079] evm: security.capability
[    0.148100] clocksource: jiffies: mask: 0xffffffff max_cycles: 0xffffffff, max_idle_ns: 7645041785100000 ns
[    0.149091] futex hash table entries: 512 (order: 3, 32768 bytes)
[    0.150111] pinctrl core: initialized pinctrl subsystem
[    0.151635] RTC time: 10:19:10, date: 01/27/20
[    0.152000] NET: Registered protocol family 16
[    0.152066] audit: initializing netlink subsys (disabled)
[    0.156050] audit: type=2000 audit(1580120355.099:1): state=initialized audit_enabled=0 res=1
[    0.156122] cpuidle: using governor ladder
[    0.160010] cpuidle: using governor menu
[    0.160578] ACPI: bus type PCI registered
[    0.161124] acpiphp: ACPI Hot Plug PCI Controller Driver version: 0.5
[    0.162020] PCI: Using configuration type 1 for base access
[    0.164138] HugeTLB registered 2.00 MiB page size, pre-allocated 0 pages
[    0.164886] ACPI: Added _OSI(Module Device)
[    0.164886] ACPI: Added _OSI(Processor Device)
[    0.165133] ACPI: Added _OSI(3.0 _SCP Extensions)
[    0.165708] ACPI: Added _OSI(Processor Aggregator Device)
[    0.166441] ACPI: Added _OSI(Linux-Dell-Video)
[    0.168005] ACPI: Added _OSI(Linux-Lenovo-NV-HDMI-Audio)
[    0.172005] ACPI: Added _OSI(Linux-HPI-Hybrid-Graphics)
[    0.172906] ACPI: Executed 1 blocks of module-level executable AML code
[    0.176970] ACPI: Interpreter enabled
[    0.177458] ACPI: (supports S0 S5)
[    0.177911] ACPI: Using IOAPIC for interrupt routing
[    0.178783] PCI: Using host bridge windows from ACPI; if necessary, use "pci=nocrs" and report a bug
[    0.179979] ACPI: Enabled 2 GPEs in block 00 to 07
[    0.184629] ACPI: PCI Root Bridge [PCI0] (domain 0000 [bus 00-ff])
[    0.185266] acpi PNP0A03:00: _OSC: OS supports [ASPM ClockPM Segments MSI]
[    0.186312] acpi PNP0A03:00: _OSC: not requesting OS control; OS requires [ExtendedConfig ASPM ClockPM MSI]
[    0.187306] acpi PNP0A03:00: fail to add MMCONFIG information, can't access extended PCI configuration space under this bridge.
[    0.188228] PCI host bridge to bus 0000:00
[    0.188756] pci_bus 0000:00: root bus resource [io  0x0000-0x0cf7 window]
[    0.189582] pci_bus 0000:00: root bus resource [io  0x0d00-0xffff window]
[    0.190426] pci_bus 0000:00: root bus resource [mem 0x000a0000-0x000bffff window]
[    0.191332] pci_bus 0000:00: root bus resource [mem 0x40000000-0xfdffffff window]
[    0.192003] pci_bus 0000:00: root bus resource [bus 00-ff]
[    0.193798] pci 0000:00:01.1: legacy IDE quirk: reg 0x10: [io  0x01f0-0x01f7]
[    0.194622] pci 0000:00:01.1: legacy IDE quirk: reg 0x14: [io  0x03f6]
[    0.196006] pci 0000:00:01.1: legacy IDE quirk: reg 0x18: [io  0x0170-0x0177]
[    0.196825] pci 0000:00:01.1: legacy IDE quirk: reg 0x1c: [io  0x0376]
[    0.207106] pci 0000:00:07.0: quirk: [io  0x4000-0x403f] claimed by PIIX4 ACPI
[    0.208017] pci 0000:00:07.0: quirk: [io  0x4100-0x410f] claimed by PIIX4 SMB
[    0.212496] ACPI: PCI Interrupt Link [LNKA] (IRQs 5 9 10 *11)
[    0.213453] ACPI: PCI Interrupt Link [LNKB] (IRQs 5 9 *10 11)
[    0.214248] ACPI: PCI Interrupt Link [LNKC] (IRQs 5 *9 10 11)
[    0.215071] ACPI: PCI Interrupt Link [LNKD] (IRQs 5 9 10 *11)
[    0.216103] SCSI subsystem initialized
[    0.216629] pci 0000:00:02.0: vgaarb: setting as boot VGA device
[    0.216740] pci 0000:00:02.0: vgaarb: VGA device added: decodes=io+mem,owns=io+mem,locks=none
[    0.217765] pci 0000:00:02.0: vgaarb: bridge control possible
[    0.218457] vgaarb: loaded
[    0.218847] ACPI: bus type USB registered
[    0.220021] usbcore: registered new interface driver usbfs
[    0.220691] usbcore: registered new interface driver hub
[    0.221383] usbcore: registered new device driver usb
[    0.222035] EDAC MC: Ver: 3.0.0
[    0.222035] PCI: Using ACPI for IRQ routing
[    0.222035] NetLabel: Initializing
[    0.222035] NetLabel:  domain hash size = 128
[    0.224005] NetLabel:  protocols = UNLABELED CIPSOv4 CALIPSO
[    0.224704] NetLabel:  unlabeled traffic allowed by default
[    0.225389] clocksource: Switched to clocksource kvm-clock
[    0.232584] VFS: Disk quotas dquot_6.6.0
[    0.233200] VFS: Dquot-cache hash table entries: 512 (order 0, 4096 bytes)
[    0.234125] AppArmor: AppArmor Filesystem Enabled
[    0.234718] pnp: PnP ACPI init
[    0.235810] pnp: PnP ACPI: found 3 devices
[    0.243383] clocksource: acpi_pm: mask: 0xffffff max_cycles: 0xffffff, max_idle_ns: 2085701024 ns
[    0.244497] NET: Registered protocol family 2
[    0.245113] TCP established hash table entries: 8192 (order: 4, 65536 bytes)
[    0.246275] TCP bind hash table entries: 8192 (order: 5, 131072 bytes)
[    0.247027] TCP: Hash tables configured (established 8192 bind 8192)
[    0.247827] UDP hash table entries: 512 (order: 2, 16384 bytes)
[    0.248481] UDP-Lite hash table entries: 512 (order: 2, 16384 bytes)
[    0.249168] NET: Registered protocol family 1
[    0.249659] pci 0000:00:00.0: Limiting direct PCI/PCI transfers
[    0.250297] pci 0000:00:01.0: Activating ISA DMA hang workarounds
[    0.250964] pci 0000:00:02.0: Video device with shadowed ROM at [mem 0x000c0000-0x000dffff]
[    0.252070] Unpacking initramfs...
[    0.458108] Freeing initrd memory: 19208K
[    0.458747] clocksource: tsc: mask: 0xffffffffffffffff max_cycles: 0x396b6a8beef, max_idle_ns: 881590548333 ns
[    0.459777] platform rtc_cmos: registered platform RTC device (no PNP device found)
[    0.460690] Scanning for low memory corruption every 60 seconds
[    0.461843] Initialise system trusted keyrings
[    0.462399] Key type blacklist registered
[    0.462948] workingset: timestamp_bits=36 max_order=18 bucket_order=0
[    0.464435] zbud: loaded
[    0.465164] squashfs: version 4.0 (2009/01/31) Phillip Lougher
[    0.466001] fuse init (API version 7.26)
[    0.468401] Key type asymmetric registered
[    0.468924] Asymmetric key parser 'x509' registered
[    0.469540] Block layer SCSI generic (bsg) driver version 0.4 loaded (major 246)
[    0.470576] io scheduler noop registered
[    0.471193] io scheduler deadline registered
[    0.471754] io scheduler cfq registered (default)
[    0.472580] ACPI: AC Adapter [AC] (on-line)
[    0.473151] input: Power Button as /devices/LNXSYSTM:00/LNXPWRBN:00/input/input0
[    0.474116] ACPI: Power Button [PWRF]
[    0.474632] input: Sleep Button as /devices/LNXSYSTM:00/LNXSLPBN:00/input/input1
[    0.475541] ACPI: Sleep Button [SLPF]
[    0.476809] ACPI: Battery Slot [BAT0] (battery present)
[    0.477587] Serial: 8250/16550 driver, 32 ports, IRQ sharing enabled
[    0.498667] 00:02: ttyS0 at I/O 0x3f8 (irq = 4, base_baud = 115200) is a 16550A
[    0.501920] Linux agpgart interface v0.103
[    0.503423] loop: module loaded
[    0.504159] scsi host0: ata_piix
[    0.504708] scsi host1: ata_piix
[    0.505262] ata1: PATA max UDMA/33 cmd 0x1f0 ctl 0x3f6 bmdma 0xd000 irq 14
[    0.506105] ata2: PATA max UDMA/33 cmd 0x170 ctl 0x376 bmdma 0xd008 irq 15
[    0.506941] libphy: Fixed MDIO Bus: probed
[    0.507470] tun: Universal TUN/TAP device driver, 1.6
[    0.508151] PPP generic driver version 2.4.2
[    0.508733] ehci_hcd: USB 2.0 'Enhanced' Host Controller (EHCI) Driver
[    0.509501] ehci-pci: EHCI PCI platform driver
[    0.510063] ehci-platform: EHCI generic platform driver
[    0.510693] ohci_hcd: USB 1.1 'Open' Host Controller (OHCI) Driver
[    0.511417] ohci-pci: OHCI PCI platform driver
[    0.511963] ohci-platform: OHCI generic platform driver
[    0.512625] uhci_hcd: USB Universal Host Controller Interface driver
[    0.513368] i8042: PNP: PS/2 Controller [PNP0303:PS2K,PNP0f03:PS2M] at 0x60,0x64 irq 1,12
[    0.514684] serio: i8042 KBD port at 0x60,0x64 irq 1
[    0.515311] serio: i8042 AUX port at 0x60,0x64 irq 12
[    0.516003] mousedev: PS/2 mouse device common for all mice
[    0.517028] input: AT Translated Set 2 keyboard as /devices/platform/i8042/serio0/input/input2
[    0.518183] rtc_cmos rtc_cmos: rtc core: registered rtc_cmos as rtc0
[    0.518908] rtc_cmos rtc_cmos: alarms up to one day, 114 bytes nvram
[    0.519604] i2c /dev entries driver
[    0.520073] device-mapper: uevent: version 1.0.3
[    0.520659] device-mapper: ioctl: 4.37.0-ioctl (2017-09-20) initialised: dm-devel@redhat.com
[    0.521619] ledtrig-cpu: registered to indicate activity on CPUs
[    0.523476] NET: Registered protocol family 10
[    0.527936] Segment Routing with IPv6
[    0.528459] NET: Registered protocol family 17
[    0.529018] Key type dns_resolver registered
[    0.529652] mce: Using 0 MCE banks
[    0.530072] RAS: Correctable Errors collector initialized.
[    0.530682] sched_clock: Marking stable (529622159, 0)->(645178651, -115556492)
[    0.531801] registered taskstats version 1
[    0.532437] Loading compiled-in X.509 certificates
[    0.534860] Loaded X.509 cert 'Build time autogenerated kernel key: 62d24f9c726e026b112735485dad6e6e4b50c923'
[    0.535981] zswap: loaded using pool lzo/zbud
[    0.538687] Key type big_key registered
[    0.539146] Key type trusted registered
[    0.540699] Key type encrypted registered
[    0.541177] AppArmor: AppArmor sha1 policy hashing enabled
[    0.541810] ima: No TPM chip found, activating TPM-bypass! (rc=-19)
[    0.542479] ima: Allocated hash algorithm: sha1
[    0.542963] evm: HMAC attrs: 0x1
[    0.543461]   Magic number: 4:329:326
[    0.543937] rtc_cmos rtc_cmos: setting system clock to 2020-01-27 10:19:10 UTC (1580120350)
[    0.545049] BIOS EDD facility v0.16 2004-Jun-25, 0 devices found
[    0.545779] EDD information not available.
[    0.666138] Freeing unused kernel image memory: 2428K
[    0.686644] Write protecting the kernel read-only data: 20480k
[    0.687886] Freeing unused kernel image memory: 2008K
[    0.688749] Freeing unused kernel image memory: 1884K
[    0.693773] x86/mm: Checked W+X mappings: passed, no W+X pages found.
[    0.694503] x86/mm: Checking user space page tables
[    0.699472] x86/mm: Checked W+X mappings: passed, no W+X pages found.
Loading, please wait...
starting version 237
[    0.763218] Fusion MPT base driver 3.04.20
[    0.764917] Copyright (c) 1999-2008 LSI Corporation
[    0.773849] AVX2 version of gcm_enc/dec engaged.
[    0.774993] AES CTR mode by8 optimization enabled
[    0.778343] e1000: Intel(R) PRO/1000 Network Driver - version 7.3.21-k8-NAPI
[    0.779530] e1000: Copyright (c) 1999-2006 Intel Corporation.
[    0.795457] Fusion MPT SPI Host driver 3.04.20
[    0.977905] input: ImExPS/2 Generic Explorer Mouse as /devices/platform/i8042/serio1/input/input4
[    1.157563] e1000 0000:00:03.0 eth0: (PCI:33MHz:32-bit) 02:6f:f9:1e:39:dc
[    1.158442] e1000 0000:00:03.0 eth0: Intel(R) PRO/1000 Network Connection
[    1.160496] e1000 0000:00:03.0 enp0s3: renamed from eth0
[    1.161410] mptbase: ioc0: Initiating bringup
[    1.297013] ioc0: LSI53C1030 A0: Capabilities={Initiator}
[    1.836485] scsi host2: ioc0: LSI53C1030 A0, FwRev=00000000h, Ports=1, MaxQ=256, IRQ=20
[    2.097383] scsi 2:0:0:0: Direct-Access     VBOX     HARDDISK         1.0  PQ: 0 ANSI: 5
[    2.427028] scsi target2:0:0: Beginning Domain Validation
[    2.428260] scsi target2:0:0: Domain Validation skipping write tests
[    2.428916] scsi target2:0:0: Ending Domain Validation
[    2.429551] scsi target2:0:0: asynchronous
[    2.430320] scsi 2:0:1:0: Direct-Access     VBOX     HARDDISK         1.0  PQ: 0 ANSI: 5
[    2.796748] scsi target2:0:1: Beginning Domain Validation
[    2.798030] random: fast init done
[    2.798496] scsi target2:0:1: Domain Validation skipping write tests
[    2.799231] scsi target2:0:1: Ending Domain Validation
[    2.799878] scsi target2:0:1: asynchronous
[    2.802644] sd 2:0:0:0: Attached scsi generic sg0 type 0
[    2.802684] random: systemd-udevd: uninitialized urandom read (16 bytes read)
[    2.804105] random: systemd-udevd: uninitialized urandom read (16 bytes read)
[    2.805006] random: systemd-udevd: uninitialized urandom read (16 bytes read)
[    2.806157] sd 2:0:0:0: [sda] 20971520 512-byte logical blocks: (10.7 GB/10.0 GiB)
[    2.807180] sd 2:0:1:0: Attached scsi generic sg1 type 0
[    2.807188] sd 2:0:0:0: [sda] Write Protect is off
[    2.808502] sd 2:0:1:0: [sdb] 20480 512-byte logical blocks: (10.5 MB/10.0 MiB)
[    2.809431] sd 2:0:0:0: [sda] Incomplete mode parameter data
[    2.810158] sd 2:0:0:0: [sda] Assuming drive cache: write through
[    2.810904] sd 2:0:1:0: [sdb] Write Protect is off
[    2.811720] sd 2:0:1:0: [sdb] Incomplete mode parameter data
[    2.812470] sd 2:0:1:0: [sdb] Assuming drive cache: write through
[    2.814793]  sda: sda1
[    2.815551] sd 2:0:0:0: [sda] Attached SCSI disk
[    2.821058] sd 2:0:1:0: [sdb] Attached SCSI disk
Begin: Loading essential drivers ... [    4.188392] raid6: sse2x1   gen() 12370 MB/s
[    4.236865] raid6: sse2x1   xor()  9662 MB/s
[    4.286920] raid6: sse2x2   gen() 17060 MB/s
[    4.332329] raid6: sse2x2   xor() 10642 MB/s
[    4.380261] raid6: sse2x4   gen() 16008 MB/s
[    4.428517] raid6: sse2x4   xor() 10500 MB/s
[    4.476928] raid6: avx2x1   gen() 26194 MB/s
[    4.526946] raid6: avx2x1   xor() 19074 MB/s
[    4.572428] raid6: avx2x2   gen() 32694 MB/s
[    4.627020] raid6: avx2x2   xor() 23136 MB/s
[    4.672572] raid6: avx2x4   gen() 36017 MB/s
[    4.720183] raid6: avx2x4   xor() 20929 MB/s
[    4.720849] raid6: using algorithm avx2x4 gen() 36017 MB/s
[    4.721484] raid6: .... xor() 20929 MB/s, rmw enabled
[    4.722074] raid6: using avx2x2 recovery algorithm
[    4.723408] xor: automatically using best checksumming function   avx       
[    4.724971] async_tx: api initialized (async)
done.
Begin: Running /scripts/init-premount ... done.
Begin: Mounting root file system ... Begin: Running /scripts/local-top ... done.
Begin: Running /scripts/local-premount ... [    4.757933] Btrfs loaded, crc32c=crc32c-intel
Scanning for Btrfs filesystems
done.
Warning: fsck not present, so skipping root file system
[    4.795557] EXT4-fs (sda1): mounted filesystem with ordered data mode. Opts: (null)
done.
Begin: Running /scripts/local-bottom ... done.
Begin: Running /scripts/init-bottom ... done.
[    4.961411] ip_tables: (C) 2000-2006 Netfilter Core Team
[    4.966938] systemd[1]: systemd 237 running in system mode. (+PAM +AUDIT +SELINUX +IMA +APPARMOR +SMACK +SYSVINIT +UTMP +LIBCRYPTSETUP +GCRYPT +GNUTLS +ACL +XZ +LZ4 +SECCOMP +BLKID +ELFUTILS +KMOD -IDN2 +IDN -PCRE2 default-hierarchy=hybrid)
[    4.969108] systemd[1]: Detected virtualization oracle.
[    4.969654] systemd[1]: Detected architecture x86-64.

Welcome to [1mUbuntu 18.04.3 LTS[0m!

[    4.973035] systemd[1]: Set hostname to <ubuntu>.
[    4.975975] systemd[1]: Initializing machine ID from random generator.
[    4.976856] systemd[1]: Installed transient /etc/machine-id file.
[    5.173831] systemd[1]: Reached target Swap.
[[0;32m  OK  [0m] Reached target Swap.
[    5.175812] systemd[1]: Created slice User and Session Slice.
[[0;32m  OK  [0m] Created slice User and Session Slice.
[    5.177194] systemd[1]: Created slice System Slice.
[[0;32m  OK  [0m] Created slice System Slice.
[    5.178280] systemd[1]: Listening on Journal Socket.
[[0;32m  OK  [0m] Listening on Journal Socket.
         Starting Load Kernel Modules...
         Mounting Kernel Debug File System...
         Mounting POSIX Message Queue File System...
         Starting Remount Root and Kernel File Systems...
[[0;32m  OK  [0m] Listening on Device-mapper event daemon FIFOs.
[[0;32m  OK  [0m] Listening on Network Service Netlink Socket.
[[0;32m  OK  [0m] Reached target User and Group Name Lookups.
[[0;32m  OK  [0m] Listening on Journal Audit Socket.
         Starting Set the console keyboard layout...
[[0;32m  OK  [0m] Listening on Syslog Socket.
[[0;32m  OK  [0m] Listening on Journal Socket (/dev/log).
         Starting Journal Service...
         Starting Uncomplicated firewall...
[[0;32m  OK  [0m] Created slice system-serial\x2dgetty.slice.
[[0;32m  OK  [0m] Listening on LVM2 metadata daemon socket.
         Starting Monitoring of LVM2 mirrors…ng dmeventd or progress polling...
[[0;32m  OK  [0m] Reached target Slices.
[[0;32m  OK  [0m] Reached target System Time Synchronized.
[[0;32m  OK  [0m] Listening on LVM2 poll daemon socket.
[[0;32m  OK  [0m] Listening on /dev/initctl Compatibility Named Pipe.
[[0;32m  OK  [0m] Set up automount Arbitrary Executab…rmats File System Automount Point.
[[0;32m  OK  [0m] Listening on udev Control Socket.
         Mounting Huge Pages File System...
[[0;32m  OK  [0m] Started Forward Password Requests to Wall Directory Watch.
         Starting Create list of required st…ce nodes for the current kernel...
[[0;32m  OK  [0m] Listening on udev Kernel Socket.
         Starting udev Coldplug all Devices...
[[0;32m  OK  [0m] Mounted Kernel Debug File System.
[[0;32m  OK  [0m] Mounted POSIX Message Queue File System.
[[0;32m  OK  [0m] Started Uncomplicated firewall.
[[0;32m  OK  [0m] Mounted Huge Pages File System.
[[0;32m  OK  [0m] Started LVM2 metadata daemon.
[    5.253872] Loading iSCSI transport class v2.0-870.
[    5.258210] iscsi: registered transport (tcp)
[    5.277915] EXT4-fs (sda1): re-mounted. Opts: (null)
[[0;32m  OK  [0m] Started Remount Root and Kernel File Systems.
[    5.307956] iscsi: registered transport (iser)
         Starting Load/Save Random Seed...
[[0;32m  OK  [0m] Started Journal Service.
[[0;32m  OK  [0m] Started Load Kernel Modules.
[[0;32m  OK  [0m] Started Create list of required sta…vice nodes for the current kernel.
         Starting Create Static Device Nodes in /dev...
         Mounting Kernel Configuration File System...
         Mounting FUSE Control File System...
         Starting Apply Kernel Variables...
         Starting Flush Journal to Persistent Storage...
[[0;32m  OK  [0m] Mounted Kernel Configuration File System.
[[0;32m  OK  [0m] Mounted FUSE Control File System.
[[0;32m  OK  [0m] Started Monitoring of LVM2 mirrors,…sing dmeventd or progress polling.
[[0;32m  OK  [0m] Started Load/Save Random Seed.
[[0;32m  OK  [0m] Started Create Static Device Nodes in /dev.
[[0;32m  OK  [0m] Started Apply Kernel Variables.
[[0;32m  OK  [0m] Started udev Coldplug all Devices.
         Starting udev Kernel Device Manager...
[[0;32m  OK  [0m] Started udev Kernel Device Manager.
[[0;32m  OK  [0m] Started Set the console keyboard layout.
[[0;32m  OK  [0m] Reached target Local File Systems (Pre).
[[0;32m  OK  [0m] Reached target Local File Systems.
         Starting Tell Plymouth To Write Out Runtime Data...
         Starting Set console font and keymap...
         Starting AppArmor initialization...
         Starting Commit a transient machine-id on disk...
         Starting ebtables ruleset management...
[[0;32m  OK  [0m] Started Dispatch Password Requests to Console Directory Watch.
[[0;32m  OK  [0m] Reached target Local Encrypted Volumes.
[[0;32m  OK  [0m] Started Flush Journal to Persistent Storage.
         Starting Create Volatile Files and Directories...
[[0;32m  OK  [0m] Started Tell Plymouth To Write Out Runtime Data.
[[0;32m  OK  [0m] Started Set console font and keymap.
[[0;32m  OK  [0m] Started Create Volatile Files and Directories.
         Starting Update UTMP about System Boot/Shutdown...
[[0;32m  OK  [0m] Started Commit a transient machine-id on disk.
[[0;32m  OK  [0m] Started Update UTMP about System Boot/Shutdown.
[[0;32m  OK  [0m] Started ebtables ruleset management.
[[0;32m  OK  [0m] Found device /dev/ttyS0.
[[0;32m  OK  [0m] Listening on Load/Save RF Kill Switch Status /dev/rfkill Watch.
[[0;32m  OK  [0m] Started AppArmor initialization.
         Starting Initial cloud-init job (pre-networking)...
[    7.003507] cloud-init[540]: Cloud-init v. 19.3-41-gc4735dd3-0ubuntu1~18.04.1 running 'init-local' at Mon, 27 Jan 2020 10:19:16 +0000. Up 6.76 seconds.
[[0;32m  OK  [0m] Started Initial cloud-init job (pre-networking).
[[0;32m  OK  [0m] Reached target Network (Pre).
         Starting Network Service...
[[0;32m  OK  [0m] Started Network Service.
         Starting Network Name Resolution...
         Starting Wait for Network to be Configured...
[[0;32m  OK  [0m] Started Network Name Resolution.
[[0;32m  OK  [0m] Reached target Network.
[[0;32m  OK  [0m] Reached target Host and Network Name Lookups.
[[0;32m  OK  [0m] Started Wait for Network to be Configured.
         Starting Initial cloud-init job (metadata service crawler)...
[    8.987553] cloud-init[651]: Cloud-init v. 19.3-41-gc4735dd3-0ubuntu1~18.04.1 running 'init' at Mon, 27 Jan 2020 10:19:18 +0000. Up 8.89 seconds.
[    8.988822] cloud-init[651]: ci-info: ++++++++++++++++++++++++++++++++++++++Net device info++++++++++++++++++++++++++++++++++++++
[    8.989718] cloud-init[651]: ci-info: +--------+------+----------------------------+---------------+--------+-------------------+
[    8.990615] cloud-init[651]: ci-info: | Device |  Up  |          Address           |      Mask     | Scope  |     Hw-Address    |
[    8.991510] cloud-init[651]: ci-info: +--------+------+----------------------------+---------------+--------+-------------------+
[    8.992394] cloud-init[651]: ci-info: | enp0s3 | True |         10.0.2.15          | 255.255.255.0 | global | 02:6f:f9:1e:39:dc |
[    8.993267] cloud-init[651]: ci-info: | enp0s3 | True | fe80::6f:f9ff:fe1e:39dc/64 |       .       |  link  | 02:6f:f9:1e:39:dc |
[    8.994138] cloud-init[651]: ci-info: |   lo   | True |         127.0.0.1          |   255.0.0.0   |  host  |         .         |
[    9.007619] cloud-init[651]: ci-info: |   lo   | True |          ::1/128           |       .       |  host  |         .         |
[    9.008620] cloud-init[651]: ci-info: +--------+------+----------------------------+---------------+--------+-------------------+
[    9.009504] cloud-init[651]: ci-info: ++++++++++++++++++++++++++++Route IPv4 info+++++++++++++++++++++++++++++
[    9.010271] cloud-init[651]: ci-info: +-------+-------------+----------+-----------------+-----------+-------+
[    9.011038] cloud-init[651]: ci-info: | Route | Destination | Gateway  |     Genmask     | Interface | Flags |
[    9.011839] cloud-init[651]: ci-info: +-------+-------------+----------+-----------------+-----------+-------+
[    9.012626] cloud-init[651]: ci-info: |   0   |   0.0.0.0   | 10.0.2.2 |     0.0.0.0     |   enp0s3  |   UG  |
[    9.013614] cloud-init[651]: ci-info: |   1   |   10.0.2.0  | 0.0.0.0  |  255.255.255.0  |   enp0s3  |   U   |
[    9.014482] cloud-init[651]: ci-info: |   2   |   10.0.2.2  | 0.0.0.0  | 255.255.255.255 |   enp0s3  |   UH  |
[    9.015364] cloud-init[651]: ci-info: +-------+-------------+----------+-----------------+-----------+-------+
[    9.016253] cloud-init[651]: ci-info: +++++++++++++++++++Route IPv6 info+++++++++++++++++++
[    9.016997] cloud-init[651]: ci-info: +-------+-------------+---------+-----------+-------+
[    9.017745] cloud-init[651]: ci-info: | Route | Destination | Gateway | Interface | Flags |
[    9.018486] cloud-init[651]: ci-info: +-------+-------------+---------+-----------+-------+
[    9.019231] cloud-init[651]: ci-info: |   1   |  fe80::/64  |    ::   |   enp0s3  |   U   |
[    9.020514] cloud-init[651]: ci-info: |   3   |    local    |    ::   |   enp0s3  |   U   |
[    9.021207] cloud-init[651]: ci-info: |   4   |   ff00::/8  |    ::   |   enp0s3  |   U   |
[    9.021881] cloud-init[651]: ci-info: +-------+-------------+---------+-----------+-------+
[    9.665676] cloud-init[651]: Generating public/private rsa key pair.
[    9.666401] cloud-init[651]: Your identification has been saved in /etc/ssh/ssh_host_rsa_key.
[    9.667220] cloud-init[651]: Your public key has been saved in /etc/ssh/ssh_host_rsa_key.pub.
[    9.667935] cloud-init[651]: The key fingerprint is:
[    9.668396] cloud-init[651]: SHA256:Pifrrxe0G54Be3JecMCCizYW+rMJQhRAx5c+uWiGOOc root@ubuntu-bionic
[    9.669135] cloud-init[651]: The key's randomart image is:
[    9.669600] cloud-init[651]: +---[RSA 2048]----+
[    9.669965] cloud-init[651]: |+oo.  .. .       |
[    9.670379] cloud-init[651]: | ....o. . o      |
[    9.687859] cloud-init[651]: |.  .oo.. . .     |
[    9.688321] cloud-init[651]: | .. =+. . o .    |
[    9.688771] cloud-init[651]: |o .+..o S+ +     |
[    9.689217] cloud-init[651]: |+.o+o. .o B .    |
[    9.689664] cloud-init[651]: | =o. +  +*.B     |
[    9.690098] cloud-init[651]: |  E o    =*      |
[    9.690546] cloud-init[651]: |       .++.      |
[    9.690998] cloud-init[651]: +----[SHA256]-----+
[    9.691446] cloud-init[651]: Generating public/private dsa key pair.
[    9.692115] cloud-init[651]: Your identification has been saved in /etc/ssh/ssh_host_dsa_key.
[    9.692924] cloud-init[651]: Your public key has been saved in /etc/ssh/ssh_host_dsa_key.pub.
[    9.693625] cloud-init[651]: The key fingerprint is:
[    9.694039] cloud-init[651]: SHA256:aGHnXtZvP2sgPW08qwbqjs/P3fsIEo+fSRPmY6ax6vo root@ubuntu-bionic
[    9.694721] cloud-init[651]: The key's randomart image is:
[    9.695207] cloud-init[651]: +---[DSA 1024]----+
[    9.696235] cloud-init[651]: |                 |
[    9.696634] cloud-init[651]: |                 |
[    9.697058] cloud-init[651]: |      o .        |
[    9.697477] cloud-init[651]: |     . =   .     |
[    9.697808] cloud-init[651]: |      o S + = o  |
[    9.698157] cloud-init[651]: |     . . o O * = |
[    9.698550] cloud-init[651]: |        . = % * o|
[    9.698903] cloud-init[651]: |        o..X.O.* |
[    9.699261] cloud-init[651]: |      .=E*+o=o++B|
[    9.699685] cloud-init[651]: +----[SHA256]-----+
[    9.700100] cloud-init[651]: Generating public/private ecdsa key pair.
[    9.700580] cloud-init[651]: Your identification has been saved in /etc/ssh/ssh_host_ecdsa_key.
[    9.701180] cloud-init[651]: Your public key has been saved in /etc/ssh/ssh_host_ecdsa_key.pub.
[    9.701823] cloud-init[651]: The key fingerprint is:
[    9.702276] cloud-init[651]: SHA256:iWP/azqMteyHYfeYnkpOcJAgVQCDSNxYn8FYYS/Q/4M root@ubuntu-bionic
[    9.702990] cloud-init[651]: The key's randomart image is:
[    9.703443] cloud-init[651]: +---[ECDSA 256]---+
[    9.703840] cloud-init[651]: |+oB=OBo          |
[    9.704217] cloud-init[651]: |oo =+++.         |
[    9.704592] cloud-init[651]: |     ++.         |
[    9.704984] cloud-init[651]: |      .+ .       |
[    9.705411] cloud-init[651]: |      = S        |
[    9.705827] cloud-init[651]: |     . E+o.      |
[    9.717754] cloud-init[651]: |       *+=.+     |
[    9.718170] cloud-init[651]: |      .+*.=..    |
[    9.718554] cloud-init[651]: |       .=B=.     |
[    9.718997] cloud-init[651]: +----[SHA256]-----+
[    9.719381] cloud-init[651]: Generating public/private ed25519 key pair.
[    9.719931] cloud-init[651]: Your identification has been saved in /etc/ssh/ssh_host_ed25519_key.
[    9.720616] cloud-init[651]: Your public key has been saved in /etc/ssh/ssh_host_ed25519_key.pub.
[    9.721300] cloud-init[651]: The key fingerprint is:
[    9.721710] cloud-init[651]: SHA256:/sNEQqfF3vfrT0SCE8pDaYn/8xzE62t+Wx9mbvQymFc root@ubuntu-bionic
[    9.722394] cloud-init[651]: The key's randomart image is:
[    9.722843] cloud-init[651]: +--[ED25519 256]--+
[    9.723223] cloud-init[651]: |         o.o.    |
[    9.723608] cloud-init[651]: |        ooB. o   |
[    9.723973] cloud-init[651]: |       . B+.o.. .|
[    9.724365] cloud-init[651]: |        o +...+o |
[    9.724744] cloud-init[651]: |        So . o o.|
[    9.725118] cloud-init[651]: |       .  . o ooE|
[    9.725492] cloud-init[651]: |        .o   B.*=|
[    9.725876] cloud-init[651]: |         .o o %+*|
[    9.726277] cloud-init[651]: |          .. +=O=|
[    9.726660] cloud-init[651]: +----[SHA256]-----+
[[0;32m  OK  [0m] Started Initial cloud-init job (metadata service crawler).
[[0;32m  OK  [0m] Reached target Network is Online.
[[0;32m  OK  [0m] Reached target Remote File Systems (Pre).
[[0;32m  OK  [0m] Reached target Remote File Systems.
         Starting Availability of block devices...
[[0;32m  OK  [0m] Reached target Cloud-config availability.
[[0;32m  OK  [0m] Reached target System Initialization.
[[0;32m  OK  [0m] Listening on Open-iSCSI iscsid Socket.
[[0;32m  OK  [0m] Listening on ACPID Listen Socket.
         Starting Socket activation for snappy daemon.
[[0;32m  OK  [0m] Listening on D-Bus System Message Bus Socket.
         Starting LXD - unix socket.
[[0;32m  OK  [0m] Started Discard unused blocks once a week.
[[0;32m  OK  [0m] Listening on UUID daemon activation socket.
[[0;32m  OK  [0m] Started Message of the Day.
[[0;32m  OK  [0m] Started Daily Cleanup of Temporary Directories.
[[0;32m  OK  [0m] Started ACPI Events Check.
[[0;32m  OK  [0m] Reached target Paths.
[[0;32m  OK  [0m] Started Daily apt download activities.
[[0;32m  OK  [0m] Started Daily apt upgrade and clean activities.
[[0;32m  OK  [0m] Reached target Timers.
[[0;32m  OK  [0m] Listening on LXD - unix socket.
[[0;32m  OK  [0m] Listening on Socket activation for snappy daemon.
[[0;32m  OK  [0m] Reached target Sockets.
[[0;32m  OK  [0m] Reached target Basic System.
[[0;32m  OK  [0m] Started irqbalance daemon.
[[0;32m  OK  [0m] Started D-Bus System Message Bus.
         Starting Pollinate to seed the pseudo random number generator...
[[0;32m  OK  [0m] Started FUSE filesystem for LXC.
         Starting Permit User Sessions...
         Starting Accounts Service...
         Starting LSB: Record successful boot for GRUB...
         Starting Login Service...
         Starting System Logging Service...
[[0;32m  OK  [0m] Started Regular background program processing daemon.
         Starting Virtualbox guest utils...
         Starting LSB: automatic crash report generation...
         Starting Dispatcher daemon for systemd-networkd...
         Starting LXD - container startup/shutdown...
[[0;32m  OK  [0m] Started Deferred execution scheduler.
         Starting Snappy daemon...
[[0;32m  OK  [0m] Started System Logging Service.
[[0;32m  OK  [0m] Started Availability of block devices.
[[0;32m  OK  [0m] Started Permit User Sessions.
[[0;32m  OK  [0m] Started Login Service.
[[0;32m  OK  [0m] Started Unattended Upgrades Shutdown.
         Starting Terminate Plymouth Boot Screen...
         Starting Hold until boot process finishes up...
[[0;32m  OK  [0m] Started Hold until boot process finishes up.
         Starting Set console scheme...
[[0;32m  OK  [0m] Started Serial Getty on ttyS0.
[[0;32m  OK  [0m] Started Terminate Plymouth Boot Screen.
[[0;32m  OK  [0m] Started Set console scheme.
[[0;32m  OK  [0m] Created slice system-getty.slice.
[[0;32m  OK  [0m] Started Getty on tty1.
[[0;32m  OK  [0m] Reached target Login Prompts.
         Starting Authorization Manager...
[[0;32m  OK  [0m] Started Authorization Manager.
[[0;32m  OK  [0m] Started Accounts Service.
[[0;32m  OK  [0m] Started LSB: Record successful boot for GRUB.
[[0;32m  OK  [0m] Started LSB: automatic crash report generation.
[[0;32m  OK  [0m] Started Virtualbox guest utils.
[[0;32m  OK  [0m] Started LXD - container startup/shutdown.
[[0;32m  OK  [0m] Started Dispatcher daemon for systemd-networkd.
[[0;32m  OK  [0m] Started Snappy daemon.
         Starting Wait until snapd is fully seeded...
[[0;32m  OK  [0m] Started Pollinate to seed the pseudo random number generator.
         Starting OpenBSD Secure Shell server...
[[0;32m  OK  [0m] Started OpenBSD Secure Shell server.
[[0;32m  OK  [0m] Created slice User Slice of vagrant.
         Starting User Manager for UID 1000...
[[0;32m  OK  [0m] Started Session 1 of user vagrant.
[[0;32m  OK  [0m] Started User Manager for UID 1000.

Ubuntu 18.04.3 LTS ubuntu-bionic ttyS0

ubuntu-bionic login: [   18.825457] cloud-init[1683]: Cloud-init v. 19.3-41-gc4735dd3-0ubuntu1~18.04.1 running 'modules:config' at Mon, 27 Jan 2020 10:19:28 +0000. Up 18.51 seconds.
ci-info: no authorized ssh keys fingerprints found for user ubuntu.
<14>Jan 27 10:19:29 ec2: 
<14>Jan 27 10:19:29 ec2: #############################################################
<14>Jan 27 10:19:29 ec2: -----BEGIN SSH HOST KEY FINGERPRINTS-----
<14>Jan 27 10:19:29 ec2: 1024 SHA256:aGHnXtZvP2sgPW08qwbqjs/P3fsIEo+fSRPmY6ax6vo root@ubuntu-bionic (DSA)
<14>Jan 27 10:19:29 ec2: 256 SHA256:iWP/azqMteyHYfeYnkpOcJAgVQCDSNxYn8FYYS/Q/4M root@ubuntu-bionic (ECDSA)
<14>Jan 27 10:19:29 ec2: 256 SHA256:/sNEQqfF3vfrT0SCE8pDaYn/8xzE62t+Wx9mbvQymFc root@ubuntu-bionic (ED25519)
<14>Jan 27 10:19:29 ec2: 2048 SHA256:Pifrrxe0G54Be3JecMCCizYW+rMJQhRAx5c+uWiGOOc root@ubuntu-bionic (RSA)
<14>Jan 27 10:19:29 ec2: -----END SSH HOST KEY FINGERPRINTS-----
<14>Jan 27 10:19:29 ec2: #############################################################
-----BEGIN SSH HOST KEY KEYS-----
ecdsa-sha2-nistp256 AAAAE2VjZHNhLXNoYTItbmlzdHAyNTYAAAAIbmlzdHAyNTYAAABBBAy5xMkhuI/YWejeHI4IUcdjsUR1f3DIlWNY/OHIrwZCFUm36JDTFGXLKsup2ceSe8tDQRRzaTXiXNHy8LkYY4U= root@ubuntu-bionic
ssh-ed25519 AAAAC3NzaC1lZDI1NTE5AAAAICQXKtp4ofe80yzXQqdkA1GB1jnS3Qo8bNKYl1Du2grs root@ubuntu-bionic
ssh-rsa AAAAB3NzaC1yc2EAAAADAQABAAABAQDLg5G1Pu5i7ynLO2IWVbw07rUIwck+UA8IxvlD35MuExcmJNzDZ+nXYE3qndyZUE/D7zwjeMWc4BSCg/j+5kmA8gBDxKrbXLZEiiko1Doz6CFPm73olCZJYefE9ideS5zc5BvnWsh0Ym0gzSHJaOBKaX3ohLjX5Nmcg/rI5k6H/HoKx3RQF227qIg8w7Qh2AK2MN12rP//Rwn3K4C/t/WJM54JTdc6UwH2uJqfMZDSUGVJZanRAZGwmye9CnyKInIbYerf1dkN8bFZV3YBhCZHRv0tI3mB9Y+lr6eFAbFTqEB8eXf016dVkcgoaqMIaOeqWffEcwAyQ5FCM5imTAZ1 root@ubuntu-bionic
-----END SSH HOST KEY KEYS-----
[   19.221129] cloud-init[1818]: Cloud-init v. 19.3-41-gc4735dd3-0ubuntu1~18.04.1 running 'modules:final' at Mon, 27 Jan 2020 10:19:29 +0000. Up 19.10 seconds.
[   19.221213] cloud-init[1818]: ci-info: no authorized ssh keys fingerprints found for user ubuntu.
[   19.221727] cloud-init[1818]: Cloud-init v. 19.3-41-gc4735dd3-0ubuntu1~18.04.1 finished at Mon, 27 Jan 2020 10:19:29 +0000. Datasource DataSourceNoCloud [seed=/dev/sdb][dsmode=net].  Up 19.21 seconds
